INFO: Running with entropic power schedule (0xFF, 100).
INFO: Seed: 1209459611
INFO: Loaded 1 modules   (7 inline 8-bit counters): 7 [0x5513a0, 0x5513a7), 
INFO: Loaded 1 PC tables (7 PCs): 7 [0x517918,0x517988), 
MERGE-OUTER: 28 files, 0 in the initial corpus, 0 processed earlier
MERGE-OUTER: attempt 1
INFO: Running with entropic power schedule (0xFF, 100).
INFO: Seed: 1209469226
INFO: Loaded 1 modules   (7 inline 8-bit counters): 7 [0x5513a0, 0x5513a7), 
INFO: Loaded 1 PC tables (7 PCs): 7 [0x517918,0x517988), 
INFO: -max_len is not provided; libFuzzer will not generate inputs larger than 1048576 bytes
MERGE-INNER: using the control file '/tmp/libFuzzerTemp.Merge93.txt'
MERGE-INNER: 28 total files; 0 processed earlier; will process 28 files now
#1	pulse  cov: 2 ft: 2 exec/s: 0 rss: 27Mb
#2	pulse  cov: 3 ft: 3 exec/s: 0 rss: 27Mb
#4	pulse  cov: 4 ft: 4 exec/s: 0 rss: 27Mb
#8	pulse  cov: 5 ft: 6 exec/s: 0 rss: 27Mb
#16	pulse  cov: 5 ft: 8 exec/s: 0 rss: 27Mb
#28	DONE   cov: 5 ft: 12 exec/s: 0 rss: 27Mb
MERGE-OUTER: successful in 1 attempt(s)
MERGE-OUTER: the control file has 3815 bytes
MERGE-OUTER: consumed 0Mb (27Mb rss) to parse the control file
MERGE-OUTER: 11 new files with 12 new features added; 5 new coverage edges
